<?xml version="1.0" encoding="UTF-8"?>
<!-- Generated by org.testng.reporters.JUnitReportReporter -->
<testsuite hostname="DESKTOP-PEFDB2S" failures="0" tests="1" name="test.VerifyEditBasicInfo" time="84.683" errors="0" timestamp="2022-10-29T18:36:49 IST" skipped="0">
  <testcase classname="test.VerifyEditBasicInfo" name="verifyBasicInfo" time="84.683"/>
  <system-out/>
</testsuite> <!-- test.VerifyEditBasicInfo -->
