<?xml version="1.0" encoding="UTF-8"?>
<!-- Generated by org.testng.reporters.JUnitReportReporter -->
<testsuite hostname="DESKTOP-PEFDB2S" failures="0" tests="1" name="test.VerifySignUpFunctionality" time="108.153" errors="0" timestamp="2022-10-28T19:23:48 IST" skipped="0">
  <testcase classname="test.VerifySignUpFunctionality" name="verifySignUpButton" time="108.153"/>
  <system-out/>
</testsuite> <!-- test.VerifySignUpFunctionality -->
