<?xml version="1.0" encoding="UTF-8"?>
<!-- Generated by org.testng.reporters.JUnitReportReporter -->
<testsuite hostname="DESKTOP-PEFDB2S" failures="0" tests="1" name="test.VerifyLoginFunctionality" time="28.132" errors="0" timestamp="2022-11-05T14:07:12 IST" skipped="0">
  <testcase classname="test.VerifyLoginFunctionality" name="verifySubmitButton" time="28.132"/>
  <system-out/>
</testsuite> <!-- test.VerifyLoginFunctionality -->
